<?xml version="1.0" encoding="UTF-8"?>
<!-- Generated by org.testng.reporters.JUnitXMLReporter -->
<testsuite ignored="0" hostname="Pros-MacBook-Pro.local" failures="1" tests="4" name="Test" time="89.582" errors="0" timestamp="2023-06-30T12:11:36 IST">
  <testcase classname="MobberAccount.MyprofilePage" name="myprofile" time="16.167"/>
  <testcase classname="MobberAccount.DeclineProjectTest" name="delineProject" time="20.145"/>
  <testcase classname="MobberAccount.SubmitProposalTest" name="proposalSubmit" time="20.591">
    <failure type="org.openqa.selenium.NoSuchElementException" message="Cannot locate an element using xpath=//table/tbody/tr[5]/td[2]
For documentation on this error, please visit: https://www.seleniumhq.org/exceptions/no_such_element.html
Build info: version: &amp;apos;3.141.59&amp;apos;, revision: &amp;apos;e82be7d358&amp;apos;, time: &amp;apos;2018-11-14T08:17:03&amp;apos;
System info: host: &amp;apos;Pros-MacBook-Pro.local&amp;apos;, ip: &amp;apos;fe80:0:0:0:10d4:3e4a:9cc2:9899%en0&amp;apos;, os.name: &amp;apos;Mac OS X&amp;apos;, os.arch: &amp;apos;x86_64&amp;apos;, os.version: &amp;apos;12.6.5&amp;apos;, java.version: &amp;apos;17.0.5&amp;apos;
Driver info: driver.version: RemoteWebDriver">
      <![CDATA[org.openqa.selenium.NoSuchElementException: Cannot locate an element using xpath=//table/tbody/tr[5]/td[2]
For documentation on this error, please visit: https://www.seleniumhq.org/exceptions/no_such_element.html
Build info: version: '3.141.59', revision: 'e82be7d358', time: '2018-11-14T08:17:03'
System info: host: 'Pros-MacBook-Pro.local', ip: 'fe80:0:0:0:10d4:3e4a:9cc2:9899%en0', os.name: 'Mac OS X', os.arch: 'x86_64', os.version: '12.6.5', java.version: '17.0.5'
Driver info: driver.version: RemoteWebDriver
at org.openqa.selenium.remote.RemoteWebDriver.findElement(RemoteWebDriver.java:327)
at org.openqa.selenium.remote.RemoteWebDriver.findElementByXPath(RemoteWebDriver.java:428)
at org.openqa.selenium.By$ByXPath.findElement(By.java:353)
at org.openqa.selenium.remote.RemoteWebDriver.findElement(RemoteWebDriver.java:315)
at MobberAccount.SubmitProposalTest.proposalSubmit(SubmitProposalTest.java:45)
at java.base/java.util.ArrayList.forEach(ArrayList.java:1511)
... Removed 27 stack frames]]>
    </failure>
  </testcase> <!-- proposalSubmit -->
  <testcase classname="MobberAccount.EditProfile" name="edit" time="18.234"/>
</testsuite> <!-- Test -->
