<?xml version="1.0" encoding="UTF-8"?>
<!-- Generated by org.testng.reporters.JUnitXMLReporter -->
<testsuite ignored="0" hostname="Pros-MacBook-Pro-2.local" failures="0" tests="3" name="Default test" time="122.102" errors="0" timestamp="2023-08-08T16:25:45 IST">
  <testcase classname="Registration.Accept_MobberProposalTest" name="proposalSubmit" time="22.453"/>
  <testcase classname="Registration.Accept_MobberProposalTest" name="acceptProposal" time="38.215"/>
  <testcase classname="Registration.Accept_MobberProposalTest" name="removeMobberFromTeam" time="36.518"/>
</testsuite> <!-- Default test -->
