<?xml version="1.0" encoding="UTF-8"?>
<testng-results ignored="0" total="1" passed="1" failed="0" skipped="0">
  <reporter-output>
  </reporter-output>
  <suite started-at="2023-08-10T10:14:41 IST" name="Default suite" finished-at="2023-08-10T10:15:13 IST" duration-ms="32011">
    <groups>
    </groups>
    <test started-at="2023-08-10T10:14:41 IST" name="Default test" finished-at="2023-08-10T10:15:13 IST" duration-ms="32011">
      <class name="Registration.ApproveMobberTest">
        <test-method is-config="true" signature="Bm()[pri:0, instance:Registration.ApproveMobberTest@6d4e5011]" started-at="2023-08-10T10:14:41 IST" name="Bm" finished-at="2023-08-10T10:14:50 IST" duration-ms="9209" status="PASS">
          <reporter-output>
          </reporter-output>
        </test-method> <!-- Bm -->
        <test-method signature="approveMobber()[pri:0, instance:Registration.ApproveMobberTest@6d4e5011]" started-at="2023-08-10T10:14:50 IST" name="approveMobber" finished-at="2023-08-10T10:15:13 IST" duration-ms="22740" status="PASS">
          <reporter-output>
          </reporter-output>
        </test-method> <!-- approveMobber -->
      </class> <!-- Registration.ApproveMobberTest -->
    </test> <!-- Default test -->
  </suite> <!-- Default suite -->
</testng-results>
